<?xml version="1.0" encoding="UTF-8"?>
<testng-results ignored="0" total="1" passed="1" failed="0" skipped="0">
  <reporter-output>
  </reporter-output>
  <suite started-at="2023-06-15T16:26:48 BDT" name="Default suite" finished-at="2023-06-15T16:26:59 BDT" duration-ms="11896">
    <groups>
    </groups>
    <test started-at="2023-06-15T16:26:48 BDT" name="Default test" finished-at="2023-06-15T16:26:59 BDT" duration-ms="11896">
      <class name="Newtest.FirstRun">
        <test-method is-config="true" signature="start()[pri:0, instance:Newtest.FirstRun@4b013c76]" started-at="2023-06-15T16:26:46 BDT" name="start" finished-at="2023-06-15T16:26:48 BDT" duration-ms="1671" status="PASS">
          <reporter-output>
          </reporter-output>
        </test-method> <!-- start -->
        <test-method signature="firstTest()[pri:0, instance:Newtest.FirstRun@4b013c76]" started-at="2023-06-15T16:26:48 BDT" name="firstTest" finished-at="2023-06-15T16:26:59 BDT" duration-ms="11873" status="PASS">
          <reporter-output>
          </reporter-output>
        </test-method> <!-- firstTest -->
        <test-method is-config="true" signature="close()[pri:0, instance:Newtest.FirstRun@4b013c76]" started-at="2023-06-15T16:27:00 BDT" name="close" finished-at="2023-06-15T16:27:00 BDT" duration-ms="326" status="PASS">
          <reporter-output>
          </reporter-output>
        </test-method> <!-- close -->
      </class> <!-- Newtest.FirstRun -->
    </test> <!-- Default test -->
  </suite> <!-- Default suite -->
</testng-results>
